0 info it worked if it ends with ok
1 verbose cli [ 'c:\\Program Files (x86)\\nodejs\\node.exe',
1 verbose cli   'c:\\Users\\Spyro\\AppData\\Roaming\\npm\\node_modules\\npm\\bin\\npm-cli.js',
1 verbose cli   'run',
1 verbose cli   'nodemon',
1 verbose cli   'src/test-server.js' ]
2 info using npm@4.0.3
3 info using node@v6.10.0
4 verbose run-script [ 'prenodemon', 'nodemon', 'postnodemon' ]
5 info lifecycle wa-clone@1.0.0~prenodemon: wa-clone@1.0.0
6 silly lifecycle wa-clone@1.0.0~prenodemon: no script for prenodemon, continuing
7 info lifecycle wa-clone@1.0.0~nodemon: wa-clone@1.0.0
8 verbose lifecycle wa-clone@1.0.0~nodemon: unsafe-perm in lifecycle true
9 verbose lifecycle wa-clone@1.0.0~nodemon: PATH: c:\Users\Spyro\AppData\Roaming\npm\node_modules\npm\bin\node-gyp-bin;c:\Users\Spyro\documents\github\react\wa-clone\node_modules\.bin;c:\Users\Spyro\bin;.;C:\Program Files (x86)\Git\local\bin;C:\Program Files (x86)\Git\mingw\bin;C:\Program Files (x86)\Git\bin;c:\ProgramData\Oracle\Java\javapath;c:\Program Files (x86)\Intel\iCLS Client\;c:\Program Files\Intel\iCLS Client\;c:\WINDOWS\system32;c:\WINDOWS;c:\WINDOWS\System32\Wbem;c:\WINDOWS\System32\WindowsPowerShell\v1.0\;c:\Program Files (x86)\Intel\OpenCL SDK\3.0\bin\x86;c:\Program Files (x86)\Intel\OpenCL SDK\3.0\bin\x64;.;.;c:\Program Files\Intel\Intel(R) Management Engine Components\DAL;c:\Program Files\Intel\Intel(R) Management Engine Components\IPT;c:\Program Files (x86)\Intel\Intel(R) Management Engine Components\DAL;c:\Program Files (x86)\Intel\Intel(R) Management Engine Components\IPT;c:\Users\Spyro\AppData\Roaming\npm;c:\Program Files (x86)\Heroku\bin;C:\Program Files (x86)\Git\cmd;c:\Program Files\Intel\WiFi\bin\;c:\Program Files\Common Files\Intel\WirelessCommon\;c:\Program Files\Microsoft SQL Server\110\Tools\Binn\;c:\Program Files\Microsoft SQL Server\120\Tools\Binn\;c:\Program Files (x86)\Skype\Phone\;c:\Program Files\Java\jdk1.8.0_92\bin;c:\tools\go\bin;.;c:\WINDOWS\system32;c:\WINDOWS;c:\WINDOWS\System32\Wbem;c:\WINDOWS\System32\WindowsPowerShell\v1.0\;c:\Program Files (x86)\nodejs\;c:\Users\Spyro\Anaconda2;c:\Users\Spyro\Anaconda2\Scripts;c:\Users\Spyro\Anaconda2\Library\bin;c:\Users\Spyro\bin;c:\Program Files (x86)\ConEmu;c:\Program Files (x86)\ConEmu\ConEmu;c:\ProgramData\Oracle\Java\javapath;c:\Program Files (x86)\Intel\iCLS Client\;c:\Program Files\Intel\iCLS Client\;c:\WINDOWS\system32;c:\WINDOWS;c:\WINDOWS\System32\Wbem;c:\WINDOWS\System32\WindowsPowerShell\v1.0\;c:\Program Files (x86)\Intel\OpenCL SDK\3.0\bin\x86;c:\Program Files (x86)\Intel\OpenCL SDK\3.0\bin\x64;c:\Program Files\Samsung\AllShare Framework DMS\1.3.14\;c:\Program Files\Samsung\AllShare Framework DMS\1.3.14\64bit\;c:\Program Files\Intel\Intel(R) Management Engine Components\DAL;c:\Program Files\Intel\Intel(R) Management Engine Components\IPT;c:\Program Files (x86)\Intel\Intel(R) Management Engine Components\DAL;c:\Program Files (x86)\Intel\Intel(R) Management Engine Components\IPT;c:\Program Files (x86)\Heroku\bin;C:\Program Files (x86)\Git\cmd;c:\Program Files\Intel\WiFi\bin\;c:\Program Files\Common Files\Intel\WirelessCommon\;c:\Program Files\Microsoft SQL Server\110\Too;c:\Python27\;c:\Users\Spyro\AppData\Local\Microsoft\WindowsApps;c:\Users\Spyro\AppData\Roaming\npm
10 verbose lifecycle wa-clone@1.0.0~nodemon: CWD: c:\Users\Spyro\documents\github\react\wa-clone
11 silly lifecycle wa-clone@1.0.0~nodemon: Args: [ '/d /s /c',
11 silly lifecycle   'nodemon --exec npm run babel-node "src/test-server.js"' ]
12 silly lifecycle wa-clone@1.0.0~nodemon: Returned: code: 3221225786  signal: null
13 info lifecycle wa-clone@1.0.0~nodemon: Failed to exec nodemon script
14 verbose stack Error: wa-clone@1.0.0 nodemon: `nodemon --exec npm run babel-node "src/test-server.js"`
14 verbose stack Exit status 3221225786
14 verbose stack     at EventEmitter.<anonymous> (c:\Users\Spyro\AppData\Roaming\npm\node_modules\npm\lib\utils\lifecycle.js:279:16)
14 verbose stack     at emitTwo (events.js:106:13)
14 verbose stack     at EventEmitter.emit (events.js:191:7)
14 verbose stack     at ChildProcess.<anonymous> (c:\Users\Spyro\AppData\Roaming\npm\node_modules\npm\lib\utils\spawn.js:40:14)
14 verbose stack     at emitTwo (events.js:106:13)
14 verbose stack     at ChildProcess.emit (events.js:191:7)
14 verbose stack     at maybeClose (internal/child_process.js:877:16)
14 verbose stack     at Process.ChildProcess._handle.onexit (internal/child_process.js:226:5)
15 verbose pkgid wa-clone@1.0.0
16 verbose cwd c:\Users\Spyro\documents\github\react\wa-clone
17 error Windows_NT 10.0.14393
18 error argv "c:\\Program Files (x86)\\nodejs\\node.exe" "c:\\Users\\Spyro\\AppData\\Roaming\\npm\\node_modules\\npm\\bin\\npm-cli.js" "run" "nodemon" "src/test-server.js"
19 error node v6.10.0
20 error npm  v4.0.3
21 error code ELIFECYCLE
22 error wa-clone@1.0.0 nodemon: `nodemon --exec npm run babel-node "src/test-server.js"`
22 error Exit status 3221225786
23 error Failed at the wa-clone@1.0.0 nodemon script 'nodemon --exec npm run babel-node "src/test-server.js"'.
23 error Make sure you have the latest version of node.js and npm installed.
23 error If you do, this is most likely a problem with the wa-clone package,
23 error not with npm itself.
23 error Tell the author that this fails on your system:
23 error     nodemon --exec npm run babel-node "src/test-server.js"
23 error You can get information on how to open an issue for this project with:
23 error     npm bugs wa-clone
23 error Or if that isn't available, you can get their info via:
23 error     npm owner ls wa-clone
23 error There is likely additional logging output above.
24 verbose exit [ 1, true ]
